

================================================================
== Vivado HLS Report for 'madd'
================================================================
* Date:           Sat Jan 26 20:50:24 2019

* Version:        2018.3 (Build 2405991 on Thu Dec 06 23:56:15 MST 2018)
* Project:        madd
* Solution:       solution
* Product family: zynquplus
* Target device:  xczu7ev-ffvc1156-2-e


================================================================
== Performance Estimates
================================================================
+ Timing (ns): 
    * Summary: 
    +--------+-------+----------+------------+
    |  Clock | Target| Estimated| Uncertainty|
    +--------+-------+----------+------------+
    |ap_clk  |   5.00|     3.454|        1.35|
    +--------+-------+----------+------------+

+ Latency (clock cycles): 
    * Summary: 
    +------+------+------+------+---------+
    |   Latency   |   Interval  | Pipeline|
    |  min |  max |  min |  max |   Type  |
    +------+------+------+------+---------+
    |  1035|  1035|  1035|  1035|   none  |
    +------+------+------+------+---------+

    + Detail: 
        * Instance: 
        N/A

        * Loop: 
        +----------+------+------+----------+-----------+-----------+------+----------+
        |          |   Latency   | Iteration|  Initiation Interval  | Trip |          |
        | Loop Name|  min |  max |  Latency |  achieved |   target  | Count| Pipelined|
        +----------+------+------+----------+-----------+-----------+------+----------+
        |- Loop 1  |  1033|  1033|        11|          1|          1|  1024|    yes   |
        +----------+------+------+----------+-----------+-----------+------+----------+



================================================================
== Utilization Estimates
================================================================
* Summary: 
+-----------------+---------+-------+--------+--------+-----+
|       Name      | BRAM_18K| DSP48E|   FF   |   LUT  | URAM|
+-----------------+---------+-------+--------+--------+-----+
|DSP              |        -|      -|       -|       -|    -|
|Expression       |        -|      -|       0|      41|    -|
|FIFO             |        -|      -|       -|       -|    -|
|Instance         |        -|      2|     296|     239|    -|
|Memory           |        -|      -|       -|       -|    -|
|Multiplexer      |        -|      -|       -|      75|    -|
|Register         |        0|      -|     186|      32|    -|
+-----------------+---------+-------+--------+--------+-----+
|Total            |        0|      2|     482|     387|    0|
+-----------------+---------+-------+--------+--------+-----+
|Available        |      624|   1728|  460800|  230400|   96|
+-----------------+---------+-------+--------+--------+-----+
|Utilization (%)  |        0|   ~0  |   ~0   |   ~0   |    0|
+-----------------+---------+-------+--------+--------+-----+

+ Detail: 
    * Instance: 
    +-------------------------+----------------------+---------+-------+-----+-----+
    |         Instance        |        Module        | BRAM_18K| DSP48E|  FF | LUT |
    +-------------------------+----------------------+---------+-------+-----+-----+
    |madd_fadd_32ns_32bkb_U1  |madd_fadd_32ns_32bkb  |        0|      2|  296|  239|
    +-------------------------+----------------------+---------+-------+-----+-----+
    |Total                    |                      |        0|      2|  296|  239|
    +-------------------------+----------------------+---------+-------+-----+-----+

    * DSP48: 
    N/A

    * Memory: 
    N/A

    * FIFO: 
    N/A

    * Expression: 
    +------------------------------------+----------+-------+---+----+------------+------------+
    |            Variable Name           | Operation| DSP48E| FF| LUT| Bitwidth P0| Bitwidth P1|
    +------------------------------------+----------+-------+---+----+------------+------------+
    |indvar_flatten_next_fu_84_p2        |     +    |      0|  0|  18|          11|           1|
    |ap_block_state12_pp0_stage0_iter10  |    and   |      0|  0|   2|           1|           1|
    |exitcond_flatten_fu_78_p2           |   icmp   |      0|  0|  13|          11|          12|
    |ap_block_pp0_stage0_01001           |    or    |      0|  0|   2|           1|           1|
    |ap_block_state3_pp0_stage0_iter1    |    or    |      0|  0|   2|           1|           1|
    |ap_enable_pp0                       |    xor   |      0|  0|   2|           1|           2|
    |ap_enable_reg_pp0_iter1             |    xor   |      0|  0|   2|           2|           1|
    +------------------------------------+----------+-------+---+----+------------+------------+
    |Total                               |          |      0|  0|  41|          28|          19|
    +------------------------------------+----------+-------+---+----+------------+------------+

    * Multiplexer: 
    +--------------------------+----+-----------+-----+-----------+
    |           Name           | LUT| Input Size| Bits| Total Bits|
    +--------------------------+----+-----------+-----+-----------+
    |A_blk_n                   |   9|          2|    1|          2|
    |B_blk_n                   |   9|          2|    1|          2|
    |C_blk_n                   |   9|          2|    1|          2|
    |ap_NS_fsm                 |  21|          4|    1|          4|
    |ap_enable_reg_pp0_iter1   |   9|          2|    1|          2|
    |ap_enable_reg_pp0_iter10  |   9|          2|    1|          2|
    |indvar_flatten_reg_63     |   9|          2|   11|         22|
    +--------------------------+----+-----------+-----+-----------+
    |Total                     |  75|         16|   17|         36|
    +--------------------------+----+-----------+-----+-----------+

    * Register: 
    +--------------------------+----+----+-----+-----------+
    |           Name           | FF | LUT| Bits| Const Bits|
    +--------------------------+----+----+-----+-----------+
    |A_read_reg_99             |  32|   0|   32|          0|
    |B_read_reg_104            |  32|   0|   32|          0|
    |ap_CS_fsm                 |   3|   0|    3|          0|
    |ap_enable_reg_pp0_iter0   |   1|   0|    1|          0|
    |ap_enable_reg_pp0_iter1   |   1|   0|    1|          0|
    |ap_enable_reg_pp0_iter10  |   1|   0|    1|          0|
    |ap_enable_reg_pp0_iter2   |   1|   0|    1|          0|
    |ap_enable_reg_pp0_iter3   |   1|   0|    1|          0|
    |ap_enable_reg_pp0_iter4   |   1|   0|    1|          0|
    |ap_enable_reg_pp0_iter5   |   1|   0|    1|          0|
    |ap_enable_reg_pp0_iter6   |   1|   0|    1|          0|
    |ap_enable_reg_pp0_iter7   |   1|   0|    1|          0|
    |ap_enable_reg_pp0_iter8   |   1|   0|    1|          0|
    |ap_enable_reg_pp0_iter9   |   1|   0|    1|          0|
    |exitcond_flatten_reg_90   |   1|   0|    1|          0|
    |indvar_flatten_reg_63     |  11|   0|   11|          0|
    |tmp_4_reg_109             |  32|   0|   32|          0|
    |exitcond_flatten_reg_90   |  64|  32|    1|          0|
    +--------------------------+----+----+-----+-----------+
    |Total                     | 186|  32|  123|          0|
    +--------------------------+----+----+-----+-----------+



================================================================
== Interface
================================================================
* Summary: 
+-----------+-----+-----+------------+--------------+--------------+
| RTL Ports | Dir | Bits|  Protocol  | Source Object|    C Type    |
+-----------+-----+-----+------------+--------------+--------------+
|ap_clk     |  in |    1| ap_ctrl_hs |     madd     | return value |
|ap_rst_n   |  in |    1| ap_ctrl_hs |     madd     | return value |
|ap_start   |  in |    1| ap_ctrl_hs |     madd     | return value |
|ap_done    | out |    1| ap_ctrl_hs |     madd     | return value |
|ap_idle    | out |    1| ap_ctrl_hs |     madd     | return value |
|ap_ready   | out |    1| ap_ctrl_hs |     madd     | return value |
|A_dout     |  in |   32|   ap_fifo  |       A      |    pointer   |
|A_empty_n  |  in |    1|   ap_fifo  |       A      |    pointer   |
|A_read     | out |    1|   ap_fifo  |       A      |    pointer   |
|B_dout     |  in |   32|   ap_fifo  |       B      |    pointer   |
|B_empty_n  |  in |    1|   ap_fifo  |       B      |    pointer   |
|B_read     | out |    1|   ap_fifo  |       B      |    pointer   |
|C_din      | out |   32|   ap_fifo  |       C      |    pointer   |
|C_full_n   |  in |    1|   ap_fifo  |       C      |    pointer   |
|C_write    | out |    1|   ap_fifo  |       C      |    pointer   |
+-----------+-----+-----+------------+--------------+--------------+

============================================================
+ Verbose Summary: Synthesis Manager
============================================================
InlineROM: 1
ExposeGlobal: 0
============================================================
+ Verbose Summary: CDFG Model
============================================================
IsTopModel: 1
ResetActiveHigh: 1
IsCombinational: 2
IsDatapathOnly: 2
HasWiredReturn: 1
HasMFsm: 0
HasVarLatency: 1
IsPipeline: 0
IsRtlPipelined: 0
IsInstanceOverlapped: 0
IsDontTouch: 0
HasImplIP: 0
IsGatedGlobalClock: 0

+ Individual pipeline summary: 
  * Pipeline-0: initiation interval (II) = 1, depth = 11


============================================================
+ Verbose Summary: Schedule
============================================================
* Number of FSM states : 13
* Pipeline : 1
  Pipeline-0 : II = 1, D = 11, States = { 2 3 4 5 6 7 8 9 10 11 12 }
* Dataflow Pipeline: 0

* FSM state transitions: 
1 --> 
	2  / true
2 --> 
	13  / (exitcond_flatten)
	3  / (!exitcond_flatten)
3 --> 
	4  / true
4 --> 
	5  / true
5 --> 
	6  / true
6 --> 
	7  / true
7 --> 
	8  / true
8 --> 
	9  / true
9 --> 
	10  / true
10 --> 
	11  / true
11 --> 
	12  / true
12 --> 
	2  / true
13 --> 

* FSM state operations: 

State 1 <SV = 0> <Delay = 0.65>
ST_1 : Operation 14 [1/1] (0.00ns)   --->   "call void (...)* @_ssdm_op_SpecBitsMap(float* %A) nounwind, !map !7"   --->   Operation 14 'specbitsmap' <Predicate = true> <Delay = 0.00>
ST_1 : Operation 15 [1/1] (0.00ns)   --->   "call void (...)* @_ssdm_op_SpecBitsMap(float* %B) nounwind, !map !13"   --->   Operation 15 'specbitsmap' <Predicate = true> <Delay = 0.00>
ST_1 : Operation 16 [1/1] (0.00ns)   --->   "call void (...)* @_ssdm_op_SpecBitsMap(float* %C) nounwind, !map !17"   --->   Operation 16 'specbitsmap' <Predicate = true> <Delay = 0.00>
ST_1 : Operation 17 [1/1] (0.00ns)   --->   "call void (...)* @_ssdm_op_SpecTopModule([5 x i8]* @madd_str) nounwind"   --->   Operation 17 'spectopmodule' <Predicate = true> <Delay = 0.00>
ST_1 : Operation 18 [1/1] (0.00ns)   --->   "call void (...)* @_ssdm_op_SpecInterface(float* %A, [8 x i8]* @p_str, i32 0, i32 0, [1 x i8]* @p_str1, i32 0, i32 0, [1 x i8]* @p_str1, [1 x i8]* @p_str1, [1 x i8]* @p_str1, i32 0, i32 0, i32 0, i32 0, [1 x i8]* @p_str1, [1 x i8]* @p_str1)" [D:/xilinx/SDSoC_IDE/workspace/muladd/src/madd.cpp:45]   --->   Operation 18 'specinterface' <Predicate = true> <Delay = 0.00>
ST_1 : Operation 19 [1/1] (0.00ns)   --->   "call void (...)* @_ssdm_op_SpecInterface(float* %B, [8 x i8]* @p_str, i32 0, i32 0, [1 x i8]* @p_str1, i32 0, i32 0, [1 x i8]* @p_str1, [1 x i8]* @p_str1, [1 x i8]* @p_str1, i32 0, i32 0, i32 0, i32 0, [1 x i8]* @p_str1, [1 x i8]* @p_str1)" [D:/xilinx/SDSoC_IDE/workspace/muladd/src/madd.cpp:45]   --->   Operation 19 'specinterface' <Predicate = true> <Delay = 0.00>
ST_1 : Operation 20 [1/1] (0.00ns)   --->   "call void (...)* @_ssdm_op_SpecInterface(float* %C, [8 x i8]* @p_str, i32 0, i32 0, [1 x i8]* @p_str1, i32 0, i32 0, [1 x i8]* @p_str1, [1 x i8]* @p_str1, [1 x i8]* @p_str1, i32 0, i32 0, i32 0, i32 0, [1 x i8]* @p_str1, [1 x i8]* @p_str1)" [D:/xilinx/SDSoC_IDE/workspace/muladd/src/madd.cpp:45]   --->   Operation 20 'specinterface' <Predicate = true> <Delay = 0.00>
ST_1 : Operation 21 [1/1] (0.00ns)   --->   "call void (...)* @_ssdm_op_SpecLatency(i32 1, i32 65535, [1 x i8]* @p_str1) nounwind" [D:/xilinx/SDSoC_IDE/workspace/muladd/src/madd.cpp:45]   --->   Operation 21 'speclatency' <Predicate = true> <Delay = 0.00>
ST_1 : Operation 22 [1/1] (0.65ns)   --->   "br label %.preheader" [D:/xilinx/SDSoC_IDE/workspace/muladd/src/madd.cpp:47]   --->   Operation 22 'br' <Predicate = true> <Delay = 0.65>

State 2 <SV = 1> <Delay = 0.94>
ST_2 : Operation 23 [1/1] (0.00ns)   --->   "%indvar_flatten = phi i11 [ 0, %0 ], [ %indvar_flatten_next, %.preheader.preheader ]"   --->   Operation 23 'phi' 'indvar_flatten' <Predicate = true> <Delay = 0.00>
ST_2 : Operation 24 [1/1] (0.94ns)   --->   "%exitcond_flatten = icmp eq i11 %indvar_flatten, -1024"   --->   Operation 24 'icmp' 'exitcond_flatten' <Predicate = true> <Delay = 0.94> <Core = "Cmp">   --->   Core 25 'Cmp' <Latency = 0> <II = 1> <Delay = 0.97> <FuncUnit> <Opcode : 'icmp'> <InPorts = 2> <OutPorts = 1>
ST_2 : Operation 25 [1/1] (0.79ns)   --->   "%indvar_flatten_next = add i11 %indvar_flatten, 1"   --->   Operation 25 'add' 'indvar_flatten_next' <Predicate = true> <Delay = 0.79> <Core = "AddSub">   --->   Core 14 'AddSub' <Latency = 0> <II = 1> <Delay = 0.79> <FuncUnit> <Opcode : 'add' 'sub'> <InPorts = 2> <OutPorts = 1>
ST_2 : Operation 26 [1/1] (0.00ns)   --->   "br i1 %exitcond_flatten, label %1, label %.preheader.preheader"   --->   Operation 26 'br' <Predicate = true> <Delay = 0.00>

State 3 <SV = 2> <Delay = 1.82>
ST_3 : Operation 27 [1/1] (1.82ns)   --->   "%A_read = call float @_ssdm_op_Read.ap_fifo.volatile.floatP(float* %A) nounwind" [D:/xilinx/SDSoC_IDE/workspace/muladd/src/madd.cpp:50]   --->   Operation 27 'read' 'A_read' <Predicate = (!exitcond_flatten)> <Delay = 1.82> <Core = "FIFO">   --->   Core 32 'FIFO' <Latency = 0> <II = 1> <Delay = 1.83> <Storage> <Opcode : 'read' 'write' 'nbread' 'nbwrite'> <Ports = 0> <Width = 32> <Depth = 0> <FIFO>
ST_3 : Operation 28 [1/1] (1.82ns)   --->   "%B_read = call float @_ssdm_op_Read.ap_fifo.volatile.floatP(float* %B) nounwind" [D:/xilinx/SDSoC_IDE/workspace/muladd/src/madd.cpp:50]   --->   Operation 28 'read' 'B_read' <Predicate = (!exitcond_flatten)> <Delay = 1.82> <Core = "FIFO">   --->   Core 32 'FIFO' <Latency = 0> <II = 1> <Delay = 1.83> <Storage> <Opcode : 'read' 'write' 'nbread' 'nbwrite'> <Ports = 0> <Width = 32> <Depth = 0> <FIFO>

State 4 <SV = 3> <Delay = 3.45>
ST_4 : Operation 29 [8/8] (3.45ns)   --->   "%tmp_4 = fadd float %A_read, %B_read" [D:/xilinx/SDSoC_IDE/workspace/muladd/src/madd.cpp:50]   --->   Operation 29 'fadd' 'tmp_4' <Predicate = (!exitcond_flatten)> <Delay = 3.45> <Core = "FAddSub">   --->   Core 104 'FAddSub' <Latency = 7> <II = 1> <Delay = 3.45> <FuncUnit> <Opcode : 'fadd' 'fsub'> <InPorts = 2> <OutPorts = 1>

State 5 <SV = 4> <Delay = 3.45>
ST_5 : Operation 30 [7/8] (3.45ns)   --->   "%tmp_4 = fadd float %A_read, %B_read" [D:/xilinx/SDSoC_IDE/workspace/muladd/src/madd.cpp:50]   --->   Operation 30 'fadd' 'tmp_4' <Predicate = (!exitcond_flatten)> <Delay = 3.45> <Core = "FAddSub">   --->   Core 104 'FAddSub' <Latency = 7> <II = 1> <Delay = 3.45> <FuncUnit> <Opcode : 'fadd' 'fsub'> <InPorts = 2> <OutPorts = 1>

State 6 <SV = 5> <Delay = 3.45>
ST_6 : Operation 31 [6/8] (3.45ns)   --->   "%tmp_4 = fadd float %A_read, %B_read" [D:/xilinx/SDSoC_IDE/workspace/muladd/src/madd.cpp:50]   --->   Operation 31 'fadd' 'tmp_4' <Predicate = (!exitcond_flatten)> <Delay = 3.45> <Core = "FAddSub">   --->   Core 104 'FAddSub' <Latency = 7> <II = 1> <Delay = 3.45> <FuncUnit> <Opcode : 'fadd' 'fsub'> <InPorts = 2> <OutPorts = 1>

State 7 <SV = 6> <Delay = 3.45>
ST_7 : Operation 32 [5/8] (3.45ns)   --->   "%tmp_4 = fadd float %A_read, %B_read" [D:/xilinx/SDSoC_IDE/workspace/muladd/src/madd.cpp:50]   --->   Operation 32 'fadd' 'tmp_4' <Predicate = (!exitcond_flatten)> <Delay = 3.45> <Core = "FAddSub">   --->   Core 104 'FAddSub' <Latency = 7> <II = 1> <Delay = 3.45> <FuncUnit> <Opcode : 'fadd' 'fsub'> <InPorts = 2> <OutPorts = 1>

State 8 <SV = 7> <Delay = 3.45>
ST_8 : Operation 33 [4/8] (3.45ns)   --->   "%tmp_4 = fadd float %A_read, %B_read" [D:/xilinx/SDSoC_IDE/workspace/muladd/src/madd.cpp:50]   --->   Operation 33 'fadd' 'tmp_4' <Predicate = (!exitcond_flatten)> <Delay = 3.45> <Core = "FAddSub">   --->   Core 104 'FAddSub' <Latency = 7> <II = 1> <Delay = 3.45> <FuncUnit> <Opcode : 'fadd' 'fsub'> <InPorts = 2> <OutPorts = 1>

State 9 <SV = 8> <Delay = 3.45>
ST_9 : Operation 34 [3/8] (3.45ns)   --->   "%tmp_4 = fadd float %A_read, %B_read" [D:/xilinx/SDSoC_IDE/workspace/muladd/src/madd.cpp:50]   --->   Operation 34 'fadd' 'tmp_4' <Predicate = (!exitcond_flatten)> <Delay = 3.45> <Core = "FAddSub">   --->   Core 104 'FAddSub' <Latency = 7> <II = 1> <Delay = 3.45> <FuncUnit> <Opcode : 'fadd' 'fsub'> <InPorts = 2> <OutPorts = 1>

State 10 <SV = 9> <Delay = 3.45>
ST_10 : Operation 35 [2/8] (3.45ns)   --->   "%tmp_4 = fadd float %A_read, %B_read" [D:/xilinx/SDSoC_IDE/workspace/muladd/src/madd.cpp:50]   --->   Operation 35 'fadd' 'tmp_4' <Predicate = (!exitcond_flatten)> <Delay = 3.45> <Core = "FAddSub">   --->   Core 104 'FAddSub' <Latency = 7> <II = 1> <Delay = 3.45> <FuncUnit> <Opcode : 'fadd' 'fsub'> <InPorts = 2> <OutPorts = 1>

State 11 <SV = 10> <Delay = 3.45>
ST_11 : Operation 36 [1/8] (3.45ns)   --->   "%tmp_4 = fadd float %A_read, %B_read" [D:/xilinx/SDSoC_IDE/workspace/muladd/src/madd.cpp:50]   --->   Operation 36 'fadd' 'tmp_4' <Predicate = (!exitcond_flatten)> <Delay = 3.45> <Core = "FAddSub">   --->   Core 104 'FAddSub' <Latency = 7> <II = 1> <Delay = 3.45> <FuncUnit> <Opcode : 'fadd' 'fsub'> <InPorts = 2> <OutPorts = 1>

State 12 <SV = 11> <Delay = 1.82>
ST_12 : Operation 37 [1/1] (0.00ns)   --->   "%tmp_1 = call i32 (...)* @_ssdm_op_SpecRegionBegin([12 x i8]* @p_str2) nounwind" [D:/xilinx/SDSoC_IDE/workspace/muladd/src/madd.cpp:50]   --->   Operation 37 'specregionbegin' 'tmp_1' <Predicate = (!exitcond_flatten)> <Delay = 0.00>
ST_12 : Operation 38 [1/1] (0.00ns)   --->   "call void (...)* @_ssdm_op_SpecPipeline(i32 1, i32 1, i32 1, i32 0, [1 x i8]* @p_str1) nounwind" [D:/xilinx/SDSoC_IDE/workspace/muladd/src/madd.cpp:49]   --->   Operation 38 'specpipeline' <Predicate = (!exitcond_flatten)> <Delay = 0.00>
ST_12 : Operation 39 [1/1] (1.82ns)   --->   "call void @_ssdm_op_Write.ap_fifo.volatile.floatP(float* %C, float %tmp_4) nounwind" [D:/xilinx/SDSoC_IDE/workspace/muladd/src/madd.cpp:50]   --->   Operation 39 'write' <Predicate = (!exitcond_flatten)> <Delay = 1.82> <Core = "FIFO">   --->   Core 32 'FIFO' <Latency = 0> <II = 1> <Delay = 1.83> <Storage> <Opcode : 'read' 'write' 'nbread' 'nbwrite'> <Ports = 0> <Width = 32> <Depth = 0> <FIFO>
ST_12 : Operation 40 [1/1] (0.00ns)   --->   "%empty = call i32 (...)* @_ssdm_op_SpecRegionEnd([12 x i8]* @p_str2, i32 %tmp_1) nounwind" [D:/xilinx/SDSoC_IDE/workspace/muladd/src/madd.cpp:50]   --->   Operation 40 'specregionend' 'empty' <Predicate = (!exitcond_flatten)> <Delay = 0.00>
ST_12 : Operation 41 [1/1] (0.00ns)   --->   "br label %.preheader" [D:/xilinx/SDSoC_IDE/workspace/muladd/src/madd.cpp:48]   --->   Operation 41 'br' <Predicate = (!exitcond_flatten)> <Delay = 0.00>

State 13 <SV = 2> <Delay = 0.00>
ST_13 : Operation 42 [1/1] (0.00ns)   --->   "ret void" [D:/xilinx/SDSoC_IDE/workspace/muladd/src/madd.cpp:52]   --->   Operation 42 'ret' <Predicate = true> <Delay = 0.00>


============================================================
+ Verbose Summary: Binding
============================================================
STG Binding: 
---------------- STG Properties BEGIN ----------------
- Is combinational: 0
- Is one-state seq: 0
- Is datapath-only: 0
- Is pipelined: 0
- Is top level: 1
Port [ Return ] is wired: 1; IO mode=ap_ctrl_hs:ce=0
Port [ A]:  wired=1; compound=1; hidden=0; nouse=0; global=0; static=0; extern=0; dir=0; type=3; pingpong=0; private_global=0; IO mode=ap_fifo:ce=0
Port [ B]:  wired=1; compound=1; hidden=0; nouse=0; global=0; static=0; extern=0; dir=0; type=3; pingpong=0; private_global=0; IO mode=ap_fifo:ce=0
Port [ C]:  wired=1; compound=1; hidden=0; nouse=0; global=0; static=0; extern=0; dir=1; type=3; pingpong=0; private_global=0; IO mode=ap_fifo:ce=0
---------------- STG Properties END ------------------

---------------- Datapath Model BEGIN ----------------

<LifeTime>
<method=bitvector/>
StgValue_14         (specbitsmap    ) [ 00000000000000]
StgValue_15         (specbitsmap    ) [ 00000000000000]
StgValue_16         (specbitsmap    ) [ 00000000000000]
StgValue_17         (spectopmodule  ) [ 00000000000000]
StgValue_18         (specinterface  ) [ 00000000000000]
StgValue_19         (specinterface  ) [ 00000000000000]
StgValue_20         (specinterface  ) [ 00000000000000]
StgValue_21         (speclatency    ) [ 00000000000000]
StgValue_22         (br             ) [ 01111111111110]
indvar_flatten      (phi            ) [ 00100000000000]
exitcond_flatten    (icmp           ) [ 00111111111110]
indvar_flatten_next (add            ) [ 01111111111110]
StgValue_26         (br             ) [ 00000000000000]
A_read              (read           ) [ 00101111111100]
B_read              (read           ) [ 00101111111100]
tmp_4               (fadd           ) [ 00100000000010]
tmp_1               (specregionbegin) [ 00000000000000]
StgValue_38         (specpipeline   ) [ 00000000000000]
StgValue_39         (write          ) [ 00000000000000]
empty               (specregionend  ) [ 00000000000000]
StgValue_41         (br             ) [ 01111111111110]
StgValue_42         (ret            ) [ 00000000000000]
</LifeTime>

<model>

<comp_list>
<comp id="0" class="1000" name="A">
<pin_list>
<pin id="1" dir="1" index="0" bw="1" slack="0"/>
</pin_list>
<bind>
<StgValue><ssdm name="A"/></StgValue>
</bind>
</comp>

<comp id="2" class="1000" name="B">
<pin_list>
<pin id="3" dir="1" index="0" bw="1" slack="0"/>
</pin_list>
<bind>
<StgValue><ssdm name="B"/></StgValue>
</bind>
</comp>

<comp id="4" class="1000" name="C">
<pin_list>
<pin id="5" dir="1" index="0" bw="1" slack="0"/>
</pin_list>
<bind>
<StgValue><ssdm name="C"/></StgValue>
</bind>
</comp>

<comp id="6" class="1001" name="const_6">
<pin_list>
<pin id="7" dir="1" index="0" bw="1" slack="2147483647"/>
</pin_list>
<bind>
<StgValue><ssdm name="_ssdm_op_SpecBitsMap"/></StgValue>
</bind>
</comp>

<comp id="8" class="1001" name="const_8">
<pin_list>
<pin id="9" dir="1" index="0" bw="1" slack="2147483647"/>
</pin_list>
<bind>
<StgValue><ssdm name="_ssdm_op_SpecTopModule"/></StgValue>
</bind>
</comp>

<comp id="10" class="1001" name="const_10">
<pin_list>
<pin id="11" dir="1" index="0" bw="1" slack="2147483647"/>
</pin_list>
<bind>
<StgValue><ssdm name="madd_str"/></StgValue>
</bind>
</comp>

<comp id="12" class="1001" name="const_12">
<pin_list>
<pin id="13" dir="1" index="0" bw="1" slack="2147483647"/>
</pin_list>
<bind>
<StgValue><ssdm name="_ssdm_op_SpecInterface"/></StgValue>
</bind>
</comp>

<comp id="14" class="1001" name="const_14">
<pin_list>
<pin id="15" dir="1" index="0" bw="1" slack="2147483647"/>
</pin_list>
<bind>
<StgValue><ssdm name="p_str"/></StgValue>
</bind>
</comp>

<comp id="16" class="1001" name="const_16">
<pin_list>
<pin id="17" dir="1" index="0" bw="1" slack="2147483647"/>
</pin_list>
<bind>
<StgValue><ssdm name=""/></StgValue>
</bind>
</comp>

<comp id="18" class="1001" name="const_18">
<pin_list>
<pin id="19" dir="1" index="0" bw="1" slack="2147483647"/>
</pin_list>
<bind>
<StgValue><ssdm name="p_str1"/></StgValue>
</bind>
</comp>

<comp id="20" class="1001" name="const_20">
<pin_list>
<pin id="21" dir="1" index="0" bw="1" slack="2147483647"/>
</pin_list>
<bind>
<StgValue><ssdm name="_ssdm_op_SpecLatency"/></StgValue>
</bind>
</comp>

<comp id="22" class="1001" name="const_22">
<pin_list>
<pin id="23" dir="1" index="0" bw="1" slack="2147483647"/>
</pin_list>
<bind>
<StgValue><ssdm name=""/></StgValue>
</bind>
</comp>

<comp id="24" class="1001" name="const_24">
<pin_list>
<pin id="25" dir="1" index="0" bw="1" slack="2147483647"/>
</pin_list>
<bind>
<StgValue><ssdm name=""/></StgValue>
</bind>
</comp>

<comp id="26" class="1001" name="const_26">
<pin_list>
<pin id="27" dir="1" index="0" bw="1" slack="1"/>
</pin_list>
<bind>
<StgValue><ssdm name=""/></StgValue>
</bind>
</comp>

<comp id="28" class="1001" name="const_28">
<pin_list>
<pin id="29" dir="1" index="0" bw="1" slack="0"/>
</pin_list>
<bind>
<StgValue><ssdm name=""/></StgValue>
</bind>
</comp>

<comp id="30" class="1001" name="const_30">
<pin_list>
<pin id="31" dir="1" index="0" bw="1" slack="0"/>
</pin_list>
<bind>
<StgValue><ssdm name=""/></StgValue>
</bind>
</comp>

<comp id="32" class="1001" name="const_32">
<pin_list>
<pin id="33" dir="1" index="0" bw="1" slack="0"/>
</pin_list>
<bind>
<StgValue><ssdm name="_ssdm_op_Read.ap_fifo.volatile.floatP"/></StgValue>
</bind>
</comp>

<comp id="34" class="1001" name="const_34">
<pin_list>
<pin id="35" dir="1" index="0" bw="1" slack="2147483647"/>
</pin_list>
<bind>
<StgValue><ssdm name="_ssdm_op_SpecRegionBegin"/></StgValue>
</bind>
</comp>

<comp id="36" class="1001" name="const_36">
<pin_list>
<pin id="37" dir="1" index="0" bw="1" slack="2147483647"/>
</pin_list>
<bind>
<StgValue><ssdm name="p_str2"/></StgValue>
</bind>
</comp>

<comp id="38" class="1001" name="const_38">
<pin_list>
<pin id="39" dir="1" index="0" bw="1" slack="2147483647"/>
</pin_list>
<bind>
<StgValue><ssdm name="_ssdm_op_SpecPipeline"/></StgValue>
</bind>
</comp>

<comp id="40" class="1001" name="const_40">
<pin_list>
<pin id="41" dir="1" index="0" bw="1" slack="0"/>
</pin_list>
<bind>
<StgValue><ssdm name="_ssdm_op_Write.ap_fifo.volatile.floatP"/></StgValue>
</bind>
</comp>

<comp id="42" class="1001" name="const_42">
<pin_list>
<pin id="43" dir="1" index="0" bw="1" slack="2147483647"/>
</pin_list>
<bind>
<StgValue><ssdm name="_ssdm_op_SpecRegionEnd"/></StgValue>
</bind>
</comp>

<comp id="44" class="1004" name="A_read_read_fu_44">
<pin_list>
<pin id="45" dir="0" index="0" bw="32" slack="0"/>
<pin id="46" dir="0" index="1" bw="32" slack="0"/>
<pin id="47" dir="1" index="2" bw="32" slack="1"/>
</pin_list>
<bind>
<opcode="read(1150) " fcode="read"/>
<opset="A_read/3 "/>
</bind>
</comp>

<comp id="50" class="1004" name="B_read_read_fu_50">
<pin_list>
<pin id="51" dir="0" index="0" bw="32" slack="0"/>
<pin id="52" dir="0" index="1" bw="32" slack="0"/>
<pin id="53" dir="1" index="2" bw="32" slack="1"/>
</pin_list>
<bind>
<opcode="read(1150) " fcode="read"/>
<opset="B_read/3 "/>
</bind>
</comp>

<comp id="56" class="1004" name="StgValue_39_write_fu_56">
<pin_list>
<pin id="57" dir="0" index="0" bw="0" slack="0"/>
<pin id="58" dir="0" index="1" bw="32" slack="0"/>
<pin id="59" dir="0" index="2" bw="32" slack="1"/>
<pin id="60" dir="1" index="3" bw="0" slack="2147483647"/>
</pin_list>
<bind>
<opcode="write(1151) " fcode="write"/>
<opset="StgValue_39/12 "/>
</bind>
</comp>

<comp id="63" class="1005" name="indvar_flatten_reg_63">
<pin_list>
<pin id="64" dir="0" index="0" bw="11" slack="1"/>
<pin id="65" dir="1" index="1" bw="11" slack="1"/>
</pin_list>
<bind>
<opset="indvar_flatten (phireg) "/>
</bind>
</comp>

<comp id="67" class="1004" name="indvar_flatten_phi_fu_67">
<pin_list>
<pin id="68" dir="0" index="0" bw="1" slack="1"/>
<pin id="69" dir="0" index="1" bw="0" slack="2147483647"/>
<pin id="70" dir="0" index="2" bw="11" slack="0"/>
<pin id="71" dir="0" index="3" bw="0" slack="2147483647"/>
<pin id="72" dir="1" index="4" bw="11" slack="0"/>
</pin_list>
<bind>
<opcode="phi(47) " fcode="phi"/>
<opset="indvar_flatten/2 "/>
</bind>
</comp>

<comp id="74" class="1004" name="grp_fu_74">
<pin_list>
<pin id="75" dir="0" index="0" bw="32" slack="1"/>
<pin id="76" dir="0" index="1" bw="32" slack="1"/>
<pin id="77" dir="1" index="2" bw="32" slack="1"/>
</pin_list>
<bind>
<opcode="fadd(9) " fcode="fadd"/>
<opset="tmp_4/4 "/>
</bind>
</comp>

<comp id="78" class="1004" name="exitcond_flatten_fu_78">
<pin_list>
<pin id="79" dir="0" index="0" bw="11" slack="0"/>
<pin id="80" dir="0" index="1" bw="11" slack="0"/>
<pin id="81" dir="1" index="2" bw="1" slack="1"/>
</pin_list>
<bind>
<opcode="icmp(45) " fcode="icmp"/>
<opset="exitcond_flatten/2 "/>
</bind>
</comp>

<comp id="84" class="1004" name="indvar_flatten_next_fu_84">
<pin_list>
<pin id="85" dir="0" index="0" bw="11" slack="0"/>
<pin id="86" dir="0" index="1" bw="1" slack="0"/>
<pin id="87" dir="1" index="2" bw="11" slack="0"/>
</pin_list>
<bind>
<opcode="add(8) " fcode="add"/>
<opset="indvar_flatten_next/2 "/>
</bind>
</comp>

<comp id="90" class="1005" name="exitcond_flatten_reg_90">
<pin_list>
<pin id="91" dir="0" index="0" bw="1" slack="1"/>
<pin id="92" dir="1" index="1" bw="1" slack="2147483647"/>
</pin_list>
<bind>
<opset="exitcond_flatten "/>
</bind>
</comp>

<comp id="94" class="1005" name="indvar_flatten_next_reg_94">
<pin_list>
<pin id="95" dir="0" index="0" bw="11" slack="0"/>
<pin id="96" dir="1" index="1" bw="11" slack="0"/>
</pin_list>
<bind>
<opset="indvar_flatten_next "/>
</bind>
</comp>

<comp id="99" class="1005" name="A_read_reg_99">
<pin_list>
<pin id="100" dir="0" index="0" bw="32" slack="1"/>
<pin id="101" dir="1" index="1" bw="32" slack="1"/>
</pin_list>
<bind>
<opset="A_read "/>
</bind>
</comp>

<comp id="104" class="1005" name="B_read_reg_104">
<pin_list>
<pin id="105" dir="0" index="0" bw="32" slack="1"/>
<pin id="106" dir="1" index="1" bw="32" slack="1"/>
</pin_list>
<bind>
<opset="B_read "/>
</bind>
</comp>

<comp id="109" class="1005" name="tmp_4_reg_109">
<pin_list>
<pin id="110" dir="0" index="0" bw="32" slack="1"/>
<pin id="111" dir="1" index="1" bw="32" slack="1"/>
</pin_list>
<bind>
<opset="tmp_4 "/>
</bind>
</comp>

</comp_list>

<net_list>
<net id="48"><net_src comp="32" pin="0"/><net_sink comp="44" pin=0"/></net>

<net id="49"><net_src comp="0" pin="0"/><net_sink comp="44" pin=1"/></net>

<net id="54"><net_src comp="32" pin="0"/><net_sink comp="50" pin=0"/></net>

<net id="55"><net_src comp="2" pin="0"/><net_sink comp="50" pin=1"/></net>

<net id="61"><net_src comp="40" pin="0"/><net_sink comp="56" pin=0"/></net>

<net id="62"><net_src comp="4" pin="0"/><net_sink comp="56" pin=1"/></net>

<net id="66"><net_src comp="26" pin="0"/><net_sink comp="63" pin=0"/></net>

<net id="73"><net_src comp="63" pin="1"/><net_sink comp="67" pin=0"/></net>

<net id="82"><net_src comp="67" pin="4"/><net_sink comp="78" pin=0"/></net>

<net id="83"><net_src comp="28" pin="0"/><net_sink comp="78" pin=1"/></net>

<net id="88"><net_src comp="67" pin="4"/><net_sink comp="84" pin=0"/></net>

<net id="89"><net_src comp="30" pin="0"/><net_sink comp="84" pin=1"/></net>

<net id="93"><net_src comp="78" pin="2"/><net_sink comp="90" pin=0"/></net>

<net id="97"><net_src comp="84" pin="2"/><net_sink comp="94" pin=0"/></net>

<net id="98"><net_src comp="94" pin="1"/><net_sink comp="67" pin=2"/></net>

<net id="102"><net_src comp="44" pin="2"/><net_sink comp="99" pin=0"/></net>

<net id="103"><net_src comp="99" pin="1"/><net_sink comp="74" pin=0"/></net>

<net id="107"><net_src comp="50" pin="2"/><net_sink comp="104" pin=0"/></net>

<net id="108"><net_src comp="104" pin="1"/><net_sink comp="74" pin=1"/></net>

<net id="112"><net_src comp="74" pin="2"/><net_sink comp="109" pin=0"/></net>

<net id="113"><net_src comp="109" pin="1"/><net_sink comp="56" pin=2"/></net>

</net_list>

</model> 
---------------- Datapath Model END ------------------

* FSMD analyzer results:
  - Output states:
	Port: C | {12 }
 - Input state : 
	Port: madd : A | {3 }
	Port: madd : B | {3 }
  - Chain level:
	State 1
	State 2
		exitcond_flatten : 1
		indvar_flatten_next : 1
		StgValue_26 : 2
	State 3
	State 4
	State 5
	State 6
	State 7
	State 8
	State 9
	State 10
	State 11
	State 12
		empty : 1
	State 13


============================================================
+ Verbose Summary: Datapath Resource usage 
============================================================

* Functional unit list:
|----------|---------------------------|---------|---------|---------|
| Operation|      Functional Unit      |  DSP48E |    FF   |   LUT   |
|----------|---------------------------|---------|---------|---------|
|   fadd   |         grp_fu_74         |    2    |   296   |   239   |
|----------|---------------------------|---------|---------|---------|
|    add   | indvar_flatten_next_fu_84 |    0    |    0    |    18   |
|----------|---------------------------|---------|---------|---------|
|   icmp   |   exitcond_flatten_fu_78  |    0    |    0    |    13   |
|----------|---------------------------|---------|---------|---------|
|   read   |     A_read_read_fu_44     |    0    |    0    |    0    |
|          |     B_read_read_fu_50     |    0    |    0    |    0    |
|----------|---------------------------|---------|---------|---------|
|   write  |  StgValue_39_write_fu_56  |    0    |    0    |    0    |
|----------|---------------------------|---------|---------|---------|
|   Total  |                           |    2    |   296   |   270   |
|----------|---------------------------|---------|---------|---------|

Memories:
N/A

* Register list:
+--------------------------+--------+
|                          |   FF   |
+--------------------------+--------+
|       A_read_reg_99      |   32   |
|      B_read_reg_104      |   32   |
|  exitcond_flatten_reg_90 |    1   |
|indvar_flatten_next_reg_94|   11   |
|   indvar_flatten_reg_63  |   11   |
|       tmp_4_reg_109      |   32   |
+--------------------------+--------+
|           Total          |   119  |
+--------------------------+--------+

* Multiplexer (MUX) list: 
|--------|------|------|------|--------|
|  Comp  |  Pin | Size |  BW  | S x BW |
|--------|------|------|------|--------|
|  Total |      |      |      |    0   |
|--------|------|------|------|--------|



* Summary:
+-----------+--------+--------+--------+
|           | DSP48E |   FF   |   LUT  |
+-----------+--------+--------+--------+
|  Function |    2   |   296  |   270  |
|   Memory  |    -   |    -   |    -   |
|Multiplexer|    -   |    -   |    -   |
|  Register |    -   |   119  |    -   |
+-----------+--------+--------+--------+
|   Total   |    2   |   415  |   270  |
+-----------+--------+--------+--------+
