(c) Copyright 2012-2018 Xilinx, Inc. All Rights Reserved.
#-----------------------------------------------------------
# Tool version  : sds++ 2018.3 SW Build 2405991 on Thu Dec  6 23:39:10 MST 2018
# Start time    : Sat Jan 26 20:51:21 +0800 2019
# Command line  : sds++ -Wall -O3 -I../src -c -fmessage-length=0 -MTsrc/mmult.o -MMD -MP -MFsrc/mmult.d -MTsrc/mmult.o -o src/mmult.o ../src/mmult.cpp -sds-hw mmult mmult.cpp -clkid 3 -sds-end -sds-hw madd madd.cpp -clkid 3 -sds-end -perf-root main -perf-est swdata.xml -perf-funcs mmult,madd -sds-sys-config a53_linux -sds-proc a53_linux -sds-pf zcu104
# Log file      : D:/xilinx/SDSoC_IDE/workspace/muladd/Release/_sds/reports/sds_mmult.log
# Journal file  : D:/xilinx/SDSoC_IDE/workspace/muladd/Release/_sds/reports/sds_mmult.jou
# Report file   : D:/xilinx/SDSoC_IDE/workspace/muladd/Release/_sds/reports/sds_mmult.rpt
#-----------------------------------------------------------

High-Level Synthesis
--------------------

  Vivado HLS Report : D:/xilinx/SDSoC_IDE/workspace/muladd/Release/_sds/vhls/mmult/solution/syn/report/mmult_csynth.rpt



================================================================
== Performance Estimates
================================================================
+ Timing (ns): 
    * Summary: 
    +--------+-------+----------+------------+
    |  Clock | Target| Estimated| Uncertainty|
    +--------+-------+----------+------------+
    |ap_clk  |   5.00|     3.454|        1.35|
    +--------+-------+----------+------------+

+ Latency (clock cycles): 
    * Summary: 
    +------+------+------+------+---------+
    |   Latency   |   Interval  | Pipeline|
    |  min |  max |  min |  max |   Type  |
    +------+------+------+------+---------+
    |  2314|  2314|  2314|  2314|   none  |
    +------+------+------+------+---------+

    + Detail: 
        * Instance: 
        N/A

        * Loop: 
        +----------+------+------+----------+-----------+-----------+------+----------+
        |          |   Latency   | Iteration|  Initiation Interval  | Trip |          |
        | Loop Name|  min |  max |  Latency |  achieved |   target  | Count| Pipelined|
        +----------+------+------+----------+-----------+-----------+------+----------+
        |- Loop 1  |  1024|  1024|         2|          1|          1|  1024|    yes   |
        |- Loop 2  |  1286|  1286|       264|          1|          1|  1024|    yes   |
        +----------+------+------+----------+-----------+-----------+------+----------+



================================================================
== Utilization Estimates
================================================================
* Summary: 
+-----------------+---------+-------+--------+--------+-----+
|       Name      | BRAM_18K| DSP48E|   FF   |   LUT  | URAM|
+-----------------+---------+-------+--------+--------+-----+
|DSP              |        -|      -|       -|       -|    -|
|Expression       |        -|      -|       0|     299|    -|
|FIFO             |        -|      -|       -|       -|    -|
|Instance         |        -|    160|   14304|   12288|    -|
|Memory           |       64|      -|       0|       0|    -|
|Multiplexer      |        -|      -|       -|     636|    -|
|Register         |        0|      -|    4853|     672|    -|
+-----------------+---------+-------+--------+--------+-----+
|Total            |       64|    160|   19157|   13895|    0|
+-----------------+---------+-------+--------+--------+-----+
|Available        |      624|   1728|  460800|  230400|   96|
+-----------------+---------+-------+--------+--------+-----+
|Utilization (%)  |       10|      9|       4|       6|    0|
+-----------------+---------+-------+--------+--------+-----+

+ Detail: 
    * Instance: 
    +--------------------------+----------------------+---------+-------+-----+-----+
    |         Instance         |        Module        | BRAM_18K| DSP48E|  FF | LUT |
    +--------------------------+----------------------+---------+-------+-----+-----+
    |mmult_fadd_32ns_3bkb_U1   |mmult_fadd_32ns_3bkb  |        0|      2|  296|  239|
    |mmult_fadd_32ns_3bkb_U2   |mmult_fadd_32ns_3bkb  |        0|      2|  296|  239|
    |mmult_fadd_32ns_3bkb_U3   |mmult_fadd_32ns_3bkb  |        0|      2|  296|  239|
    |mmult_fadd_32ns_3bkb_U4   |mmult_fadd_32ns_3bkb  |        0|      2|  296|  239|
    |mmult_fadd_32ns_3bkb_U5   |mmult_fadd_32ns_3bkb  |        0|      2|  296|  239|
    |mmult_fadd_32ns_3bkb_U6   |mmult_fadd_32ns_3bkb  |        0|      2|  296|  239|
    |mmult_fadd_32ns_3bkb_U7   |mmult_fadd_32ns_3bkb  |        0|      2|  296|  239|
    |mmult_fadd_32ns_3bkb_U8   |mmult_fadd_32ns_3bkb  |        0|      2|  296|  239|
    |mmult_fadd_32ns_3bkb_U9   |mmult_fadd_32ns_3bkb  |        0|      2|  296|  239|
    |mmult_fadd_32ns_3bkb_U10  |mmult_fadd_32ns_3bkb  |        0|      2|  296|  239|
    |mmult_fadd_32ns_3bkb_U11  |mmult_fadd_32ns_3bkb  |        0|      2|  296|  239|
    |mmult_fadd_32ns_3bkb_U12  |mmult_fadd_32ns_3bkb  |        0|      2|  296|  239|
    |mmult_fadd_32ns_3bkb_U13  |mmult_fadd_32ns_3bkb  |        0|      2|  296|  239|
    |mmult_fadd_32ns_3bkb_U14  |mmult_fadd_32ns_3bkb  |        0|      2|  296|  239|
    |mmult_fadd_32ns_3bkb_U15  |mmult_fadd_32ns_3bkb  |        0|      2|  296|  239|
    |mmult_fadd_32ns_3bkb_U16  |mmult_fadd_32ns_3bkb  |        0|      2|  296|  239|
    |mmult_fadd_32ns_3bkb_U17  |mmult_fadd_32ns_3bkb  |        0|      2|  296|  239|
    |mmult_fadd_32ns_3bkb_U18  |mmult_fadd_32ns_3bkb  |        0|      2|  296|  239|
    |mmult_fadd_32ns_3bkb_U19  |mmult_fadd_32ns_3bkb  |        0|      2|  296|  239|
    |mmult_fadd_32ns_3bkb_U20  |mmult_fadd_32ns_3bkb  |        0|      2|  296|  239|
    |mmult_fadd_32ns_3bkb_U21  |mmult_fadd_32ns_3bkb  |        0|      2|  296|  239|
    |mmult_fadd_32ns_3bkb_U22  |mmult_fadd_32ns_3bkb  |        0|      2|  296|  239|
    |mmult_fadd_32ns_3bkb_U23  |mmult_fadd_32ns_3bkb  |        0|      2|  296|  239|
    |mmult_fadd_32ns_3bkb_U24  |mmult_fadd_32ns_3bkb  |        0|      2|  296|  239|
    |mmult_fadd_32ns_3bkb_U25  |mmult_fadd_32ns_3bkb  |        0|      2|  296|  239|
    |mmult_fadd_32ns_3bkb_U26  |mmult_fadd_32ns_3bkb  |        0|      2|  296|  239|
    |mmult_fadd_32ns_3bkb_U27  |mmult_fadd_32ns_3bkb  |        0|      2|  296|  239|
    |mmult_fadd_32ns_3bkb_U28  |mmult_fadd_32ns_3bkb  |        0|      2|  296|  239|
    |mmult_fadd_32ns_3bkb_U29  |mmult_fadd_32ns_3bkb  |        0|      2|  296|  239|
    |mmult_fadd_32ns_3bkb_U30  |mmult_fadd_32ns_3bkb  |        0|      2|  296|  239|
    |mmult_fadd_32ns_3bkb_U31  |mmult_fadd_32ns_3bkb  |        0|      2|  296|  239|
    |mmult_fadd_32ns_3bkb_U32  |mmult_fadd_32ns_3bkb  |        0|      2|  296|  239|
    |mmult_fmul_32ns_3cud_U33  |mmult_fmul_32ns_3cud  |        0|      3|  151|  145|
    |mmult_fmul_32ns_3cud_U34  |mmult_fmul_32ns_3cud  |        0|      3|  151|  145|
    |mmult_fmul_32ns_3cud_U35  |mmult_fmul_32ns_3cud  |        0|      3|  151|  145|
    |mmult_fmul_32ns_3cud_U36  |mmult_fmul_32ns_3cud  |        0|      3|  151|  145|
    |mmult_fmul_32ns_3cud_U37  |mmult_fmul_32ns_3cud  |        0|      3|  151|  145|
    |mmult_fmul_32ns_3cud_U38  |mmult_fmul_32ns_3cud  |        0|      3|  151|  145|
    |mmult_fmul_32ns_3cud_U39  |mmult_fmul_32ns_3cud  |        0|      3|  151|  145|
    |mmult_fmul_32ns_3cud_U40  |mmult_fmul_32ns_3cud  |        0|      3|  151|  145|
    |mmult_fmul_32ns_3cud_U41  |mmult_fmul_32ns_3cud  |        0|      3|  151|  145|
    |mmult_fmul_32ns_3cud_U42  |mmult_fmul_32ns_3cud  |        0|      3|  151|  145|
    |mmult_fmul_32ns_3cud_U43  |mmult_fmul_32ns_3cud  |        0|      3|  151|  145|
    |mmult_fmul_32ns_3cud_U44  |mmult_fmul_32ns_3cud  |        0|      3|  151|  145|
    |mmult_fmul_32ns_3cud_U45  |mmult_fmul_32ns_3cud  |        0|      3|  151|  145|
    |mmult_fmul_32ns_3cud_U46  |mmult_fmul_32ns_3cud  |        0|      3|  151|  145|
    |mmult_fmul_32ns_3cud_U47  |mmult_fmul_32ns_3cud  |        0|      3|  151|  145|
    |mmult_fmul_32ns_3cud_U48  |mmult_fmul_32ns_3cud  |        0|      3|  151|  145|
    |mmult_fmul_32ns_3cud_U49  |mmult_fmul_32ns_3cud  |        0|      3|  151|  145|
    |mmult_fmul_32ns_3cud_U50  |mmult_fmul_32ns_3cud  |        0|      3|  151|  145|
    |mmult_fmul_32ns_3cud_U51  |mmult_fmul_32ns_3cud  |        0|      3|  151|  145|
    |mmult_fmul_32ns_3cud_U52  |mmult_fmul_32ns_3cud  |        0|      3|  151|  145|
    |mmult_fmul_32ns_3cud_U53  |mmult_fmul_32ns_3cud  |        0|      3|  151|  145|
    |mmult_fmul_32ns_3cud_U54  |mmult_fmul_32ns_3cud  |        0|      3|  151|  145|
    |mmult_fmul_32ns_3cud_U55  |mmult_fmul_32ns_3cud  |        0|      3|  151|  145|
    |mmult_fmul_32ns_3cud_U56  |mmult_fmul_32ns_3cud  |        0|      3|  151|  145|
    |mmult_fmul_32ns_3cud_U57  |mmult_fmul_32ns_3cud  |        0|      3|  151|  145|
    |mmult_fmul_32ns_3cud_U58  |mmult_fmul_32ns_3cud  |        0|      3|  151|  145|
    |mmult_fmul_32ns_3cud_U59  |mmult_fmul_32ns_3cud  |        0|      3|  151|  145|
    |mmult_fmul_32ns_3cud_U60  |mmult_fmul_32ns_3cud  |        0|      3|  151|  145|
    |mmult_fmul_32ns_3cud_U61  |mmult_fmul_32ns_3cud  |        0|      3|  151|  145|
    |mmult_fmul_32ns_3cud_U62  |mmult_fmul_32ns_3cud  |        0|      3|  151|  145|
    |mmult_fmul_32ns_3cud_U63  |mmult_fmul_32ns_3cud  |        0|      3|  151|  145|
    |mmult_fmul_32ns_3cud_U64  |mmult_fmul_32ns_3cud  |        0|      3|  151|  145|
    +--------------------------+----------------------+---------+-------+-----+-----+
    |Total                     |                      |        0|    160|14304|12288|
    +--------------------------+----------------------+---------+-------+-----+-----+

    * DSP48: 
    N/A

    * Memory: 
    +-----------+--------------+---------+---+----+------+-----+------+-------------+
    |   Memory  |    Module    | BRAM_18K| FF| LUT| Words| Bits| Banks| W*Bits*Banks|
    +-----------+--------------+---------+---+----+------+-----+------+-------------+
    |Abuf_0_U   |mmult_Abuf_0  |        2|  0|   0|    64|   32|     1|         2048|
    |Abuf_1_U   |mmult_Abuf_0  |        2|  0|   0|    64|   32|     1|         2048|
    |Abuf_2_U   |mmult_Abuf_0  |        2|  0|   0|    64|   32|     1|         2048|
    |Abuf_3_U   |mmult_Abuf_0  |        2|  0|   0|    64|   32|     1|         2048|
    |Abuf_4_U   |mmult_Abuf_0  |        2|  0|   0|    64|   32|     1|         2048|
    |Abuf_5_U   |mmult_Abuf_0  |        2|  0|   0|    64|   32|     1|         2048|
    |Abuf_6_U   |mmult_Abuf_0  |        2|  0|   0|    64|   32|     1|         2048|
    |Abuf_7_U   |mmult_Abuf_0  |        2|  0|   0|    64|   32|     1|         2048|
    |Abuf_8_U   |mmult_Abuf_0  |        2|  0|   0|    64|   32|     1|         2048|
    |Abuf_9_U   |mmult_Abuf_0  |        2|  0|   0|    64|   32|     1|         2048|
    |Abuf_10_U  |mmult_Abuf_0  |        2|  0|   0|    64|   32|     1|         2048|
    |Abuf_11_U  |mmult_Abuf_0  |        2|  0|   0|    64|   32|     1|         2048|
    |Abuf_12_U  |mmult_Abuf_0  |        2|  0|   0|    64|   32|     1|         2048|
    |Abuf_13_U  |mmult_Abuf_0  |        2|  0|   0|    64|   32|     1|         2048|
    |Abuf_14_U  |mmult_Abuf_0  |        2|  0|   0|    64|   32|     1|         2048|
    |Abuf_15_U  |mmult_Abuf_0  |        2|  0|   0|    64|   32|     1|         2048|
    |Bbuf_0_U   |mmult_Abuf_0  |        2|  0|   0|    64|   32|     1|         2048|
    |Bbuf_1_U   |mmult_Abuf_0  |        2|  0|   0|    64|   32|     1|         2048|
    |Bbuf_2_U   |mmult_Abuf_0  |        2|  0|   0|    64|   32|     1|         2048|
    |Bbuf_3_U   |mmult_Abuf_0  |        2|  0|   0|    64|   32|     1|         2048|
    |Bbuf_4_U   |mmult_Abuf_0  |        2|  0|   0|    64|   32|     1|         2048|
    |Bbuf_5_U   |mmult_Abuf_0  |        2|  0|   0|    64|   32|     1|         2048|
    |Bbuf_6_U   |mmult_Abuf_0  |        2|  0|   0|    64|   32|     1|         2048|
    |Bbuf_7_U   |mmult_Abuf_0  |        2|  0|   0|    64|   32|     1|         2048|
    |Bbuf_8_U   |mmult_Abuf_0  |        2|  0|   0|    64|   32|     1|         2048|
    |Bbuf_9_U   |mmult_Abuf_0  |        2|  0|   0|    64|   32|     1|         2048|
    |Bbuf_10_U  |mmult_Abuf_0  |        2|  0|   0|    64|   32|     1|         2048|
    |Bbuf_11_U  |mmult_Abuf_0  |        2|  0|   0|    64|   32|     1|         2048|
    |Bbuf_12_U  |mmult_Abuf_0  |        2|  0|   0|    64|   32|     1|         2048|
    |Bbuf_13_U  |mmult_Abuf_0  |        2|  0|   0|    64|   32|     1|         2048|
    |Bbuf_14_U  |mmult_Abuf_0  |        2|  0|   0|    64|   32|     1|         2048|
    |Bbuf_15_U  |mmult_Abuf_0  |        2|  0|   0|    64|   32|     1|         2048|
    +-----------+--------------+---------+---+----+------+-----+------+-------------+
    |Total      |              |       64|  0|   0|  2048| 1024|    32|        65536|
    +-----------+--------------+---------+---+----+------+-----+------+-------------+

    * FIFO: 
    N/A

    * Expression: 
    +--------------------------------------+----------+-------+---+----+------------+------------+
    |             Variable Name            | Operation| DSP48E| FF| LUT| Bitwidth P0| Bitwidth P1|
    +--------------------------------------+----------+-------+---+----+------------+------------+
    |i_1_fu_1582_p2                        |     +    |      0|  0|  15|           1|           6|
    |i_2_fu_1738_p2                        |     +    |      0|  0|  15|           6|           1|
    |indvar_flatten_next1_fu_1732_p2       |     +    |      0|  0|  18|          11|           1|
    |indvar_flatten_next_fu_1576_p2        |     +    |      0|  0|  18|          11|           1|
    |j_1_fu_1634_p2                        |     +    |      0|  0|  15|           6|           1|
    |j_2_fu_1814_p2                        |     +    |      0|  0|  15|           6|           1|
    |tmp_13_fu_1823_p2                     |     +    |      0|  0|  15|           7|           6|
    |tmp_4_fu_1652_p2                      |     +    |      0|  0|  15|           7|           7|
    |ap_block_pp0_stage0_11001             |    and   |      0|  0|   2|           1|           1|
    |ap_block_pp1_stage0_01001             |    and   |      0|  0|   2|           1|           1|
    |ap_block_state268_pp1_stage0_iter263  |    and   |      0|  0|   2|           1|           1|
    |exitcond1_fu_1744_p2                  |   icmp   |      0|  0|  11|           6|           7|
    |exitcond_flatten1_fu_1726_p2          |   icmp   |      0|  0|  13|          11|          12|
    |exitcond_flatten_fu_1570_p2           |   icmp   |      0|  0|  13|          11|          12|
    |exitcond_fu_1588_p2                   |   icmp   |      0|  0|  11|           6|           7|
    |ap_block_state3_pp0_stage0_iter1      |    or    |      0|  0|   2|           1|           1|
    |tmp_11_fu_1766_p2                     |    or    |      0|  0|   7|           7|           1|
    |tmp_2_fu_1712_p2                      |    or    |      0|  0|   7|           7|           1|
    |Abuf_0_load_1_mid2_fu_1793_p3         |  select  |      0|  0|  64|           1|          64|
    |Abuf_0_load_mid2_v_fu_1780_p3         |  select  |      0|  0|   7|           1|           7|
    |i1_mid2_fu_1801_p3                    |  select  |      0|  0|   6|           1|           6|
    |j2_mid2_fu_1750_p3                    |  select  |      0|  0|   6|           1|           1|
    |j_mid2_fu_1594_p3                     |  select  |      0|  0|   6|           1|           1|
    |tmp_1_mid2_v_fu_1602_p3               |  select  |      0|  0|   6|           1|           6|
    |ap_enable_pp0                         |    xor   |      0|  0|   2|           1|           2|
    |ap_enable_pp1                         |    xor   |      0|  0|   2|           1|           2|
    |ap_enable_reg_pp0_iter1               |    xor   |      0|  0|   2|           2|           1|
    |ap_enable_reg_pp1_iter1               |    xor   |      0|  0|   2|           2|           1|
    +--------------------------------------+----------+-------+---+----+------------+------------+
    |Total                                 |          |      0|  0| 299|         119|         159|
    +--------------------------------------+----------+-------+---+----+------------+------------+

    * Multiplexer: 
    +-----------------------------+----+-----------+-----+-----------+
    |             Name            | LUT| Input Size| Bits| Total Bits|
    +-----------------------------+----+-----------+-----+-----------+
    |A_blk_n                      |   9|          2|    1|          2|
    |Abuf_0_address0              |  15|          3|    6|         18|
    |Abuf_10_address0             |  15|          3|    6|         18|
    |Abuf_11_address0             |  15|          3|    6|         18|
    |Abuf_12_address0             |  15|          3|    6|         18|
    |Abuf_13_address0             |  15|          3|    6|         18|
    |Abuf_14_address0             |  15|          3|    6|         18|
    |Abuf_15_address0             |  15|          3|    6|         18|
    |Abuf_1_address0              |  15|          3|    6|         18|
    |Abuf_2_address0              |  15|          3|    6|         18|
    |Abuf_3_address0              |  15|          3|    6|         18|
    |Abuf_4_address0              |  15|          3|    6|         18|
    |Abuf_5_address0              |  15|          3|    6|         18|
    |Abuf_6_address0              |  15|          3|    6|         18|
    |Abuf_7_address0              |  15|          3|    6|         18|
    |Abuf_8_address0              |  15|          3|    6|         18|
    |Abuf_9_address0              |  15|          3|    6|         18|
    |B_blk_n                      |   9|          2|    1|          2|
    |Bbuf_0_address0              |  15|          3|    6|         18|
    |Bbuf_10_address0             |  15|          3|    6|         18|
    |Bbuf_11_address0             |  15|          3|    6|         18|
    |Bbuf_12_address0             |  15|          3|    6|         18|
    |Bbuf_13_address0             |  15|          3|    6|         18|
    |Bbuf_14_address0             |  15|          3|    6|         18|
    |Bbuf_15_address0             |  15|          3|    6|         18|
    |Bbuf_1_address0              |  15|          3|    6|         18|
    |Bbuf_2_address0              |  15|          3|    6|         18|
    |Bbuf_3_address0              |  15|          3|    6|         18|
    |Bbuf_4_address0              |  15|          3|    6|         18|
    |Bbuf_5_address0              |  15|          3|    6|         18|
    |Bbuf_6_address0              |  15|          3|    6|         18|
    |Bbuf_7_address0              |  15|          3|    6|         18|
    |Bbuf_8_address0              |  15|          3|    6|         18|
    |Bbuf_9_address0              |  15|          3|    6|         18|
    |C_blk_n                      |   9|          2|    1|          2|
    |ap_NS_fsm                    |  33|          6|    1|          6|
    |ap_enable_reg_pp0_iter1      |  15|          3|    1|          3|
    |ap_enable_reg_pp1_iter1      |   9|          2|    1|          2|
    |ap_enable_reg_pp1_iter263    |   9|          2|    1|          2|
    |ap_phi_mux_i_phi_fu_1262_p4  |   9|          2|    6|         12|
    |i1_reg_1291                  |   9|          2|    6|         12|
    |i_reg_1258                   |   9|          2|    6|         12|
    |indvar_flatten1_reg_1280     |   9|          2|   11|         22|
    |indvar_flatten_reg_1247      |   9|          2|   11|         22|
    |j2_reg_1302                  |   9|          2|    6|         12|
    |j_reg_1269                   |   9|          2|    6|         12|
    +-----------------------------+----+-----------+-----+-----------+
    |Total                        | 636|        129|  251|        699|
    +-----------------------------+----+-----------+-----+-----------+

    * Register: 
    +-----------------------------+----+-----+-----+-----------+
    |             Name            | FF | LUT | Bits| Const Bits|
    +-----------------------------+----+-----+-----+-----------+
    |Abuf_0_load_1_mid2_reg_1911  |   6|    0|   64|         58|
    |Abuf_0_load_1_reg_2009       |  32|    0|   32|          0|
    |Abuf_0_load_mid2_reg_1887    |   6|    0|   64|         58|
    |Abuf_0_load_reg_1965         |  32|    0|   32|          0|
    |Abuf_10_load_1_reg_2609      |  32|    0|   32|          0|
    |Abuf_10_load_reg_2579        |  32|    0|   32|          0|
    |Abuf_11_load_1_reg_2669      |  32|    0|   32|          0|
    |Abuf_11_load_reg_2639        |  32|    0|   32|          0|
    |Abuf_12_load_1_reg_2729      |  32|    0|   32|          0|
    |Abuf_12_load_reg_2699        |  32|    0|   32|          0|
    |Abuf_13_load_1_reg_2789      |  32|    0|   32|          0|
    |Abuf_13_load_reg_2759        |  32|    0|   32|          0|
    |Abuf_14_load_1_reg_2849      |  32|    0|   32|          0|
    |Abuf_14_load_reg_2819        |  32|    0|   32|          0|
    |Abuf_15_load_1_reg_2909      |  32|    0|   32|          0|
    |Abuf_15_load_reg_2879        |  32|    0|   32|          0|
    |Abuf_1_load_1_reg_2069       |  32|    0|   32|          0|
    |Abuf_1_load_reg_2039         |  32|    0|   32|          0|
    |Abuf_2_load_1_reg_2129       |  32|    0|   32|          0|
    |Abuf_2_load_reg_2099         |  32|    0|   32|          0|
    |Abuf_3_load_1_reg_2189       |  32|    0|   32|          0|
    |Abuf_3_load_reg_2159         |  32|    0|   32|          0|
    |Abuf_4_load_1_reg_2249       |  32|    0|   32|          0|
    |Abuf_4_load_reg_2219         |  32|    0|   32|          0|
    |Abuf_5_load_1_reg_2309       |  32|    0|   32|          0|
    |Abuf_5_load_reg_2279         |  32|    0|   32|          0|
    |Abuf_6_load_1_reg_2369       |  32|    0|   32|          0|
    |Abuf_6_load_reg_2339         |  32|    0|   32|          0|
    |Abuf_7_load_1_reg_2429       |  32|    0|   32|          0|
    |Abuf_7_load_reg_2399         |  32|    0|   32|          0|
    |Abuf_8_load_1_reg_2489       |  32|    0|   32|          0|
    |Abuf_8_load_reg_2459         |  32|    0|   32|          0|
    |Abuf_9_load_1_reg_2549       |  32|    0|   32|          0|
    |Abuf_9_load_reg_2519         |  32|    0|   32|          0|
    |Bbuf_0_load_1_reg_2014       |  32|    0|   32|          0|
    |Bbuf_0_load_reg_1970         |  32|    0|   32|          0|
    |Bbuf_10_load_1_reg_2614      |  32|    0|   32|          0|
    |Bbuf_10_load_reg_2584        |  32|    0|   32|          0|
    |Bbuf_11_load_1_reg_2674      |  32|    0|   32|          0|
    |Bbuf_11_load_reg_2644        |  32|    0|   32|          0|
    |Bbuf_12_load_1_reg_2734      |  32|    0|   32|          0|
    |Bbuf_12_load_reg_2704        |  32|    0|   32|          0|
    |Bbuf_13_load_1_reg_2794      |  32|    0|   32|          0|
    |Bbuf_13_load_reg_2764        |  32|    0|   32|          0|
    |Bbuf_14_load_1_reg_2854      |  32|    0|   32|          0|
    |Bbuf_14_load_reg_2824        |  32|    0|   32|          0|
    |Bbuf_15_load_1_reg_2914      |  32|    0|   32|          0|
    |Bbuf_15_load_reg_2884        |  32|    0|   32|          0|
    |Bbuf_1_load_1_reg_2074       |  32|    0|   32|          0|
    |Bbuf_1_load_reg_2044         |  32|    0|   32|          0|
    |Bbuf_2_load_1_reg_2134       |  32|    0|   32|          0|
    |Bbuf_2_load_reg_2104         |  32|    0|   32|          0|
    |Bbuf_3_load_1_reg_2194       |  32|    0|   32|          0|
    |Bbuf_3_load_reg_2164         |  32|    0|   32|          0|
    |Bbuf_4_load_1_reg_2254       |  32|    0|   32|          0|
    |Bbuf_4_load_reg_2224         |  32|    0|   32|          0|
    |Bbuf_5_load_1_reg_2314       |  32|    0|   32|          0|
    |Bbuf_5_load_reg_2284         |  32|    0|   32|          0|
    |Bbuf_6_load_1_reg_2374       |  32|    0|   32|          0|
    |Bbuf_6_load_reg_2344         |  32|    0|   32|          0|
    |Bbuf_7_load_1_reg_2434       |  32|    0|   32|          0|
    |Bbuf_7_load_reg_2404         |  32|    0|   32|          0|
    |Bbuf_8_load_1_reg_2494       |  32|    0|   32|          0|
    |Bbuf_8_load_reg_2464         |  32|    0|   32|          0|
    |Bbuf_9_load_1_reg_2554       |  32|    0|   32|          0|
    |Bbuf_9_load_reg_2524         |  32|    0|   32|          0|
    |ap_CS_fsm                    |   5|    0|    5|          0|
    |ap_enable_reg_pp0_iter0      |   1|    0|    1|          0|
    |ap_enable_reg_pp0_iter1      |   1|    0|    1|          0|
    |ap_enable_reg_pp1_iter0      |   1|    0|    1|          0|
    |ap_enable_reg_pp1_iter1      |   1|    0|    1|          0|
    |ap_enable_reg_pp1_iter10     |   1|    0|    1|          0|
    |ap_enable_reg_pp1_iter100    |   1|    0|    1|          0|
    |ap_enable_reg_pp1_iter101    |   1|    0|    1|          0|
    |ap_enable_reg_pp1_iter102    |   1|    0|    1|          0|
    |ap_enable_reg_pp1_iter103    |   1|    0|    1|          0|
    |ap_enable_reg_pp1_iter104    |   1|    0|    1|          0|
    |ap_enable_reg_pp1_iter105    |   1|    0|    1|          0|
    |ap_enable_reg_pp1_iter106    |   1|    0|    1|          0|
    |ap_enable_reg_pp1_iter107    |   1|    0|    1|          0|
    |ap_enable_reg_pp1_iter108    |   1|    0|    1|          0|
    |ap_enable_reg_pp1_iter109    |   1|    0|    1|          0|
    |ap_enable_reg_pp1_iter11     |   1|    0|    1|          0|
    |ap_enable_reg_pp1_iter110    |   1|    0|    1|          0|
    |ap_enable_reg_pp1_iter111    |   1|    0|    1|          0|
    |ap_enable_reg_pp1_iter112    |   1|    0|    1|          0|
    |ap_enable_reg_pp1_iter113    |   1|    0|    1|          0|
    |ap_enable_reg_pp1_iter114    |   1|    0|    1|          0|
    |ap_enable_reg_pp1_iter115    |   1|    0|    1|          0|
    |ap_enable_reg_pp1_iter116    |   1|    0|    1|          0|
    |ap_enable_reg_pp1_iter117    |   1|    0|    1|          0|
    |ap_enable_reg_pp1_iter118    |   1|    0|    1|          0|
    |ap_enable_reg_pp1_iter119    |   1|    0|    1|          0|
    |ap_enable_reg_pp1_iter12     |   1|    0|    1|          0|
    |ap_enable_reg_pp1_iter120    |   1|    0|    1|          0|
    |ap_enable_reg_pp1_iter121    |   1|    0|    1|          0|
    |ap_enable_reg_pp1_iter122    |   1|    0|    1|          0|
    |ap_enable_reg_pp1_iter123    |   1|    0|    1|          0|
    |ap_enable_reg_pp1_iter124    |   1|    0|    1|          0|
    |ap_enable_reg_pp1_iter125    |   1|    0|    1|          0|
    |ap_enable_reg_pp1_iter126    |   1|    0|    1|          0|
    |ap_enable_reg_pp1_iter127    |   1|    0|    1|          0|
    |ap_enable_reg_pp1_iter128    |   1|    0|    1|          0|
    |ap_enable_reg_pp1_iter129    |   1|    0|    1|          0|
    |ap_enable_reg_pp1_iter13     |   1|    0|    1|          0|
    |ap_enable_reg_pp1_iter130    |   1|    0|    1|          0|
    |ap_enable_reg_pp1_iter131    |   1|    0|    1|          0|
    |ap_enable_reg_pp1_iter132    |   1|    0|    1|          0|
    |ap_enable_reg_pp1_iter133    |   1|    0|    1|          0|
    |ap_enable_reg_pp1_iter134    |   1|    0|    1|          0|
    |ap_enable_reg_pp1_iter135    |   1|    0|    1|          0|
    |ap_enable_reg_pp1_iter136    |   1|    0|    1|          0|
    |ap_enable_reg_pp1_iter137    |   1|    0|    1|          0|
    |ap_enable_reg_pp1_iter138    |   1|    0|    1|          0|
    |ap_enable_reg_pp1_iter139    |   1|    0|    1|          0|
    |ap_enable_reg_pp1_iter14     |   1|    0|    1|          0|
    |ap_enable_reg_pp1_iter140    |   1|    0|    1|          0|
    |ap_enable_reg_pp1_iter141    |   1|    0|    1|          0|
    |ap_enable_reg_pp1_iter142    |   1|    0|    1|          0|
    |ap_enable_reg_pp1_iter143    |   1|    0|    1|          0|
    |ap_enable_reg_pp1_iter144    |   1|    0|    1|          0|
    |ap_enable_reg_pp1_iter145    |   1|    0|    1|          0|
    |ap_enable_reg_pp1_iter146    |   1|    0|    1|          0|
    |ap_enable_reg_pp1_iter147    |   1|    0|    1|          0|
    |ap_enable_reg_pp1_iter148    |   1|    0|    1|          0|
    |ap_enable_reg_pp1_iter149    |   1|    0|    1|          0|
    |ap_enable_reg_pp1_iter15     |   1|    0|    1|          0|
    |ap_enable_reg_pp1_iter150    |   1|    0|    1|          0|
    |ap_enable_reg_pp1_iter151    |   1|    0|    1|          0|
    |ap_enable_reg_pp1_iter152    |   1|    0|    1|          0|
    |ap_enable_reg_pp1_iter153    |   1|    0|    1|          0|
    |ap_enable_reg_pp1_iter154    |   1|    0|    1|          0|
    |ap_enable_reg_pp1_iter155    |   1|    0|    1|          0|
    |ap_enable_reg_pp1_iter156    |   1|    0|    1|          0|
    |ap_enable_reg_pp1_iter157    |   1|    0|    1|          0|
    |ap_enable_reg_pp1_iter158    |   1|    0|    1|          0|
    |ap_enable_reg_pp1_iter159    |   1|    0|    1|          0|
    |ap_enable_reg_pp1_iter16     |   1|    0|    1|          0|
    |ap_enable_reg_pp1_iter160    |   1|    0|    1|          0|
    |ap_enable_reg_pp1_iter161    |   1|    0|    1|          0|
    |ap_enable_reg_pp1_iter162    |   1|    0|    1|          0|
    |ap_enable_reg_pp1_iter163    |   1|    0|    1|          0|
    |ap_enable_reg_pp1_iter164    |   1|    0|    1|          0|
    |ap_enable_reg_pp1_iter165    |   1|    0|    1|          0|
    |ap_enable_reg_pp1_iter166    |   1|    0|    1|          0|
    |ap_enable_reg_pp1_iter167    |   1|    0|    1|          0|
    |ap_enable_reg_pp1_iter168    |   1|    0|    1|          0|
    |ap_enable_reg_pp1_iter169    |   1|    0|    1|          0|
    |ap_enable_reg_pp1_iter17     |   1|    0|    1|          0|
    |ap_enable_reg_pp1_iter170    |   1|    0|    1|          0|
    |ap_enable_reg_pp1_iter171    |   1|    0|    1|          0|
    |ap_enable_reg_pp1_iter172    |   1|    0|    1|          0|
    |ap_enable_reg_pp1_iter173    |   1|    0|    1|          0|
    |ap_enable_reg_pp1_iter174    |   1|    0|    1|          0|
    |ap_enable_reg_pp1_iter175    |   1|    0|    1|          0|
    |ap_enable_reg_pp1_iter176    |   1|    0|    1|          0|
    |ap_enable_reg_pp1_iter177    |   1|    0|    1|          0|
    |ap_enable_reg_pp1_iter178    |   1|    0|    1|          0|
    |ap_enable_reg_pp1_iter179    |   1|    0|    1|          0|
    |ap_enable_reg_pp1_iter18     |   1|    0|    1|          0|
    |ap_enable_reg_pp1_iter180    |   1|    0|    1|          0|
    |ap_enable_reg_pp1_iter181    |   1|    0|    1|          0|
    |ap_enable_reg_pp1_iter182    |   1|    0|    1|          0|
    |ap_enable_reg_pp1_iter183    |   1|    0|    1|          0|
    |ap_enable_reg_pp1_iter184    |   1|    0|    1|          0|
    |ap_enable_reg_pp1_iter185    |   1|    0|    1|          0|
    |ap_enable_reg_pp1_iter186    |   1|    0|    1|          0|
    |ap_enable_reg_pp1_iter187    |   1|    0|    1|          0|
    |ap_enable_reg_pp1_iter188    |   1|    0|    1|          0|
    |ap_enable_reg_pp1_iter189    |   1|    0|    1|          0|
    |ap_enable_reg_pp1_iter19     |   1|    0|    1|          0|
    |ap_enable_reg_pp1_iter190    |   1|    0|    1|          0|
    |ap_enable_reg_pp1_iter191    |   1|    0|    1|          0|
    |ap_enable_reg_pp1_iter192    |   1|    0|    1|          0|
    |ap_enable_reg_pp1_iter193    |   1|    0|    1|          0|
    |ap_enable_reg_pp1_iter194    |   1|    0|    1|          0|
    |ap_enable_reg_pp1_iter195    |   1|    0|    1|          0|
    |ap_enable_reg_pp1_iter196    |   1|    0|    1|          0|
    |ap_enable_reg_pp1_iter197    |   1|    0|    1|          0|
    |ap_enable_reg_pp1_iter198    |   1|    0|    1|          0|
    |ap_enable_reg_pp1_iter199    |   1|    0|    1|          0|
    |ap_enable_reg_pp1_iter2      |   1|    0|    1|          0|
    |ap_enable_reg_pp1_iter20     |   1|    0|    1|          0|
    |ap_enable_reg_pp1_iter200    |   1|    0|    1|          0|
    |ap_enable_reg_pp1_iter201    |   1|    0|    1|          0|
    |ap_enable_reg_pp1_iter202    |   1|    0|    1|          0|
    |ap_enable_reg_pp1_iter203    |   1|    0|    1|          0|
    |ap_enable_reg_pp1_iter204    |   1|    0|    1|          0|
    |ap_enable_reg_pp1_iter205    |   1|    0|    1|          0|
    |ap_enable_reg_pp1_iter206    |   1|    0|    1|          0|
    |ap_enable_reg_pp1_iter207    |   1|    0|    1|          0|
    |ap_enable_reg_pp1_iter208    |   1|    0|    1|          0|
    |ap_enable_reg_pp1_iter209    |   1|    0|    1|          0|
    |ap_enable_reg_pp1_iter21     |   1|    0|    1|          0|
    |ap_enable_reg_pp1_iter210    |   1|    0|    1|          0|
    |ap_enable_reg_pp1_iter211    |   1|    0|    1|          0|
    |ap_enable_reg_pp1_iter212    |   1|    0|    1|          0|
    |ap_enable_reg_pp1_iter213    |   1|    0|    1|          0|
    |ap_enable_reg_pp1_iter214    |   1|    0|    1|          0|
    |ap_enable_reg_pp1_iter215    |   1|    0|    1|          0|
    |ap_enable_reg_pp1_iter216    |   1|    0|    1|          0|
    |ap_enable_reg_pp1_iter217    |   1|    0|    1|          0|
    |ap_enable_reg_pp1_iter218    |   1|    0|    1|          0|
    |ap_enable_reg_pp1_iter219    |   1|    0|    1|          0|
    |ap_enable_reg_pp1_iter22     |   1|    0|    1|          0|
    |ap_enable_reg_pp1_iter220    |   1|    0|    1|          0|
    |ap_enable_reg_pp1_iter221    |   1|    0|    1|          0|
    |ap_enable_reg_pp1_iter222    |   1|    0|    1|          0|
    |ap_enable_reg_pp1_iter223    |   1|    0|    1|          0|
    |ap_enable_reg_pp1_iter224    |   1|    0|    1|          0|
    |ap_enable_reg_pp1_iter225    |   1|    0|    1|          0|
    |ap_enable_reg_pp1_iter226    |   1|    0|    1|          0|
    |ap_enable_reg_pp1_iter227    |   1|    0|    1|          0|
    |ap_enable_reg_pp1_iter228    |   1|    0|    1|          0|
    |ap_enable_reg_pp1_iter229    |   1|    0|    1|          0|
    |ap_enable_reg_pp1_iter23     |   1|    0|    1|          0|
    |ap_enable_reg_pp1_iter230    |   1|    0|    1|          0|
    |ap_enable_reg_pp1_iter231    |   1|    0|    1|          0|
    |ap_enable_reg_pp1_iter232    |   1|    0|    1|          0|
    |ap_enable_reg_pp1_iter233    |   1|    0|    1|          0|
    |ap_enable_reg_pp1_iter234    |   1|    0|    1|          0|
    |ap_enable_reg_pp1_iter235    |   1|    0|    1|          0|
    |ap_enable_reg_pp1_iter236    |   1|    0|    1|          0|
    |ap_enable_reg_pp1_iter237    |   1|    0|    1|          0|
    |ap_enable_reg_pp1_iter238    |   1|    0|    1|          0|
    |ap_enable_reg_pp1_iter239    |   1|    0|    1|          0|
    |ap_enable_reg_pp1_iter24     |   1|    0|    1|          0|
    |ap_enable_reg_pp1_iter240    |   1|    0|    1|          0|
    |ap_enable_reg_pp1_iter241    |   1|    0|    1|          0|
    |ap_enable_reg_pp1_iter242    |   1|    0|    1|          0|
    |ap_enable_reg_pp1_iter243    |   1|    0|    1|          0|
    |ap_enable_reg_pp1_iter244    |   1|    0|    1|          0|
    |ap_enable_reg_pp1_iter245    |   1|    0|    1|          0|
    |ap_enable_reg_pp1_iter246    |   1|    0|    1|          0|
    |ap_enable_reg_pp1_iter247    |   1|    0|    1|          0|
    |ap_enable_reg_pp1_iter248    |   1|    0|    1|          0|
    |ap_enable_reg_pp1_iter249    |   1|    0|    1|          0|
    |ap_enable_reg_pp1_iter25     |   1|    0|    1|          0|
    |ap_enable_reg_pp1_iter250    |   1|    0|    1|          0|
    |ap_enable_reg_pp1_iter251    |   1|    0|    1|          0|
    |ap_enable_reg_pp1_iter252    |   1|    0|    1|          0|
    |ap_enable_reg_pp1_iter253    |   1|    0|    1|          0|
    |ap_enable_reg_pp1_iter254    |   1|    0|    1|          0|
    |ap_enable_reg_pp1_iter255    |   1|    0|    1|          0|
    |ap_enable_reg_pp1_iter256    |   1|    0|    1|          0|
    |ap_enable_reg_pp1_iter257    |   1|    0|    1|          0|
    |ap_enable_reg_pp1_iter258    |   1|    0|    1|          0|
    |ap_enable_reg_pp1_iter259    |   1|    0|    1|          0|
    |ap_enable_reg_pp1_iter26     |   1|    0|    1|          0|
    |ap_enable_reg_pp1_iter260    |   1|    0|    1|          0|
    |ap_enable_reg_pp1_iter261    |   1|    0|    1|          0|
    |ap_enable_reg_pp1_iter262    |   1|    0|    1|          0|
    |ap_enable_reg_pp1_iter263    |   1|    0|    1|          0|
    |ap_enable_reg_pp1_iter27     |   1|    0|    1|          0|
    |ap_enable_reg_pp1_iter28     |   1|    0|    1|          0|
    |ap_enable_reg_pp1_iter29     |   1|    0|    1|          0|
    |ap_enable_reg_pp1_iter3      |   1|    0|    1|          0|
    |ap_enable_reg_pp1_iter30     |   1|    0|    1|          0|
    |ap_enable_reg_pp1_iter31     |   1|    0|    1|          0|
    |ap_enable_reg_pp1_iter32     |   1|    0|    1|          0|
    |ap_enable_reg_pp1_iter33     |   1|    0|    1|          0|
    |ap_enable_reg_pp1_iter34     |   1|    0|    1|          0|
    |ap_enable_reg_pp1_iter35     |   1|    0|    1|          0|
    |ap_enable_reg_pp1_iter36     |   1|    0|    1|          0|
    |ap_enable_reg_pp1_iter37     |   1|    0|    1|          0|
    |ap_enable_reg_pp1_iter38     |   1|    0|    1|          0|
    |ap_enable_reg_pp1_iter39     |   1|    0|    1|          0|
    |ap_enable_reg_pp1_iter4      |   1|    0|    1|          0|
    |ap_enable_reg_pp1_iter40     |   1|    0|    1|          0|
    |ap_enable_reg_pp1_iter41     |   1|    0|    1|          0|
    |ap_enable_reg_pp1_iter42     |   1|    0|    1|          0|
    |ap_enable_reg_pp1_iter43     |   1|    0|    1|          0|
    |ap_enable_reg_pp1_iter44     |   1|    0|    1|          0|
    |ap_enable_reg_pp1_iter45     |   1|    0|    1|          0|
    |ap_enable_reg_pp1_iter46     |   1|    0|    1|          0|
    |ap_enable_reg_pp1_iter47     |   1|    0|    1|          0|
    |ap_enable_reg_pp1_iter48     |   1|    0|    1|          0|
    |ap_enable_reg_pp1_iter49     |   1|    0|    1|          0|
    |ap_enable_reg_pp1_iter5      |   1|    0|    1|          0|
    |ap_enable_reg_pp1_iter50     |   1|    0|    1|          0|
    |ap_enable_reg_pp1_iter51     |   1|    0|    1|          0|
    |ap_enable_reg_pp1_iter52     |   1|    0|    1|          0|
    |ap_enable_reg_pp1_iter53     |   1|    0|    1|          0|
    |ap_enable_reg_pp1_iter54     |   1|    0|    1|          0|
    |ap_enable_reg_pp1_iter55     |   1|    0|    1|          0|
    |ap_enable_reg_pp1_iter56     |   1|    0|    1|          0|
    |ap_enable_reg_pp1_iter57     |   1|    0|    1|          0|
    |ap_enable_reg_pp1_iter58     |   1|    0|    1|          0|
    |ap_enable_reg_pp1_iter59     |   1|    0|    1|          0|
    |ap_enable_reg_pp1_iter6      |   1|    0|    1|          0|
    |ap_enable_reg_pp1_iter60     |   1|    0|    1|          0|
    |ap_enable_reg_pp1_iter61     |   1|    0|    1|          0|
    |ap_enable_reg_pp1_iter62     |   1|    0|    1|          0|
    |ap_enable_reg_pp1_iter63     |   1|    0|    1|          0|
    |ap_enable_reg_pp1_iter64     |   1|    0|    1|          0|
    |ap_enable_reg_pp1_iter65     |   1|    0|    1|          0|
    |ap_enable_reg_pp1_iter66     |   1|    0|    1|          0|
    |ap_enable_reg_pp1_iter67     |   1|    0|    1|          0|
    |ap_enable_reg_pp1_iter68     |   1|    0|    1|          0|
    |ap_enable_reg_pp1_iter69     |   1|    0|    1|          0|
    |ap_enable_reg_pp1_iter7      |   1|    0|    1|          0|
    |ap_enable_reg_pp1_iter70     |   1|    0|    1|          0|
    |ap_enable_reg_pp1_iter71     |   1|    0|    1|          0|
    |ap_enable_reg_pp1_iter72     |   1|    0|    1|          0|
    |ap_enable_reg_pp1_iter73     |   1|    0|    1|          0|
    |ap_enable_reg_pp1_iter74     |   1|    0|    1|          0|
    |ap_enable_reg_pp1_iter75     |   1|    0|    1|          0|
    |ap_enable_reg_pp1_iter76     |   1|    0|    1|          0|
    |ap_enable_reg_pp1_iter77     |   1|    0|    1|          0|
    |ap_enable_reg_pp1_iter78     |   1|    0|    1|          0|
    |ap_enable_reg_pp1_iter79     |   1|    0|    1|          0|
    |ap_enable_reg_pp1_iter8      |   1|    0|    1|          0|
    |ap_enable_reg_pp1_iter80     |   1|    0|    1|          0|
    |ap_enable_reg_pp1_iter81     |   1|    0|    1|          0|
    |ap_enable_reg_pp1_iter82     |   1|    0|    1|          0|
    |ap_enable_reg_pp1_iter83     |   1|    0|    1|          0|
    |ap_enable_reg_pp1_iter84     |   1|    0|    1|          0|
    |ap_enable_reg_pp1_iter85     |   1|    0|    1|          0|
    |ap_enable_reg_pp1_iter86     |   1|    0|    1|          0|
    |ap_enable_reg_pp1_iter87     |   1|    0|    1|          0|
    |ap_enable_reg_pp1_iter88     |   1|    0|    1|          0|
    |ap_enable_reg_pp1_iter89     |   1|    0|    1|          0|
    |ap_enable_reg_pp1_iter9      |   1|    0|    1|          0|
    |ap_enable_reg_pp1_iter90     |   1|    0|    1|          0|
    |ap_enable_reg_pp1_iter91     |   1|    0|    1|          0|
    |ap_enable_reg_pp1_iter92     |   1|    0|    1|          0|
    |ap_enable_reg_pp1_iter93     |   1|    0|    1|          0|
    |ap_enable_reg_pp1_iter94     |   1|    0|    1|          0|
    |ap_enable_reg_pp1_iter95     |   1|    0|    1|          0|
    |ap_enable_reg_pp1_iter96     |   1|    0|    1|          0|
    |ap_enable_reg_pp1_iter97     |   1|    0|    1|          0|
    |ap_enable_reg_pp1_iter98     |   1|    0|    1|          0|
    |ap_enable_reg_pp1_iter99     |   1|    0|    1|          0|
    |arrayNo1_cast_mid2_reg_1855  |   5|    0|    5|          0|
    |arrayNo_cast_reg_1859        |   5|    0|    5|          0|
    |exitcond_flatten1_reg_1873   |   1|    0|    1|          0|
    |exitcond_flatten_reg_1834    |   1|    0|    1|          0|
    |i1_reg_1291                  |   6|    0|    6|          0|
    |i_reg_1258                   |   6|    0|    6|          0|
    |indvar_flatten1_reg_1280     |  11|    0|   11|          0|
    |indvar_flatten_reg_1247      |  11|    0|   11|          0|
    |j2_mid2_reg_1882             |   6|    0|    6|          0|
    |j2_reg_1302                  |   6|    0|    6|          0|
    |j_mid2_reg_1843              |   6|    0|    6|          0|
    |j_reg_1269                   |   6|    0|    6|          0|
    |result_1_10_reg_2349         |  32|    0|   32|          0|
    |result_1_11_reg_2379         |  32|    0|   32|          0|
    |result_1_12_reg_2409         |  32|    0|   32|          0|
    |result_1_13_reg_2439         |  32|    0|   32|          0|
    |result_1_14_reg_2469         |  32|    0|   32|          0|
    |result_1_15_reg_2499         |  32|    0|   32|          0|
    |result_1_16_reg_2529         |  32|    0|   32|          0|
    |result_1_17_reg_2559         |  32|    0|   32|          0|
    |result_1_18_reg_2589         |  32|    0|   32|          0|
    |result_1_19_reg_2619         |  32|    0|   32|          0|
    |result_1_1_reg_2049          |  32|    0|   32|          0|
    |result_1_20_reg_2649         |  32|    0|   32|          0|
    |result_1_21_reg_2679         |  32|    0|   32|          0|
    |result_1_22_reg_2709         |  32|    0|   32|          0|
    |result_1_23_reg_2739         |  32|    0|   32|          0|
    |result_1_24_reg_2769         |  32|    0|   32|          0|
    |result_1_25_reg_2799         |  32|    0|   32|          0|
    |result_1_26_reg_2829         |  32|    0|   32|          0|
    |result_1_27_reg_2859         |  32|    0|   32|          0|
    |result_1_28_reg_2889         |  32|    0|   32|          0|
    |result_1_29_reg_2919         |  32|    0|   32|          0|
    |result_1_2_reg_2079          |  32|    0|   32|          0|
    |result_1_30_reg_2929         |  32|    0|   32|          0|
    |result_1_3_reg_2109          |  32|    0|   32|          0|
    |result_1_4_reg_2139          |  32|    0|   32|          0|
    |result_1_5_reg_2169          |  32|    0|   32|          0|
    |result_1_6_reg_2199          |  32|    0|   32|          0|
    |result_1_7_reg_2229          |  32|    0|   32|          0|
    |result_1_8_reg_2259          |  32|    0|   32|          0|
    |result_1_9_reg_2289          |  32|    0|   32|          0|
    |result_1_reg_2019            |  32|    0|   32|          0|
    |result_1_s_reg_2319          |  32|    0|   32|          0|
    |term_10_reg_2324             |  32|    0|   32|          0|
    |term_11_reg_2354             |  32|    0|   32|          0|
    |term_12_reg_2384             |  32|    0|   32|          0|
    |term_13_reg_2414             |  32|    0|   32|          0|
    |term_14_reg_2444             |  32|    0|   32|          0|
    |term_15_reg_2474             |  32|    0|   32|          0|
    |term_16_reg_2504             |  32|    0|   32|          0|
    |term_17_reg_2534             |  32|    0|   32|          0|
    |term_18_reg_2564             |  32|    0|   32|          0|
    |term_19_reg_2594             |  32|    0|   32|          0|
    |term_1_reg_2024              |  32|    0|   32|          0|
    |term_20_reg_2624             |  32|    0|   32|          0|
    |term_21_reg_2654             |  32|    0|   32|          0|
    |term_22_reg_2684             |  32|    0|   32|          0|
    |term_23_reg_2714             |  32|    0|   32|          0|
    |term_24_reg_2744             |  32|    0|   32|          0|
    |term_25_reg_2774             |  32|    0|   32|          0|
    |term_26_reg_2804             |  32|    0|   32|          0|
    |term_27_reg_2834             |  32|    0|   32|          0|
    |term_28_reg_2864             |  32|    0|   32|          0|
    |term_29_reg_2894             |  32|    0|   32|          0|
    |term_2_reg_2054              |  32|    0|   32|          0|
    |term_30_reg_2924             |  32|    0|   32|          0|
    |term_3_reg_2084              |  32|    0|   32|          0|
    |term_4_reg_2114              |  32|    0|   32|          0|
    |term_5_reg_2144              |  32|    0|   32|          0|
    |term_6_reg_2174              |  32|    0|   32|          0|
    |term_7_reg_2204              |  32|    0|   32|          0|
    |term_8_reg_2234              |  32|    0|   32|          0|
    |term_9_reg_2264              |  32|    0|   32|          0|
    |term_reg_1975                |  32|    0|   32|          0|
    |term_s_reg_2294              |  32|    0|   32|          0|
    |tmp_17_cast_reg_1985         |   7|    0|   64|         57|
    |tmp_1_mid2_v_reg_1848        |   6|    0|    6|          0|
    |tmp_1_reg_1863               |   1|    0|    1|          0|
    |tmp_s_reg_1936               |   6|    0|   64|         58|
    |Abuf_0_load_1_mid2_reg_1911  |  64|  128|   64|         58|
    |Abuf_0_load_mid2_reg_1887    |  64|  128|   64|         58|
    |exitcond_flatten1_reg_1873   |  64|  128|    1|          0|
    |j2_mid2_reg_1882             |  64|   32|    6|          0|
    |tmp_17_cast_reg_1985         |  64|  128|   64|         57|
    |tmp_s_reg_1936               |  64|  128|   64|         58|
    +-----------------------------+----+-----+-----+-----------+
    |Total                        |4853|  672| 4963|        462|
    +-----------------------------+----+-----+-----+-----------+



================================================================
== Interface
================================================================
* Summary: 
+-----------+-----+-----+------------+--------------+--------------+
| RTL Ports | Dir | Bits|  Protocol  | Source Object|    C Type    |
+-----------+-----+-----+------------+--------------+--------------+
|ap_clk     |  in |    1| ap_ctrl_hs |     mmult    | return value |
|ap_rst_n   |  in |    1| ap_ctrl_hs |     mmult    | return value |
|ap_start   |  in |    1| ap_ctrl_hs |     mmult    | return value |
|ap_done    | out |    1| ap_ctrl_hs |     mmult    | return value |
|ap_idle    | out |    1| ap_ctrl_hs |     mmult    | return value |
|ap_ready   | out |    1| ap_ctrl_hs |     mmult    | return value |
|A_dout     |  in |   32|   ap_fifo  |       A      |    pointer   |
|A_empty_n  |  in |    1|   ap_fifo  |       A      |    pointer   |
|A_read     | out |    1|   ap_fifo  |       A      |    pointer   |
|B_dout     |  in |   32|   ap_fifo  |       B      |    pointer   |
|B_empty_n  |  in |    1|   ap_fifo  |       B      |    pointer   |
|B_read     | out |    1|   ap_fifo  |       B      |    pointer   |
|C_din      | out |   32|   ap_fifo  |       C      |    pointer   |
|C_full_n   |  in |    1|   ap_fifo  |       C      |    pointer   |
|C_write    | out |    1|   ap_fifo  |       C      |    pointer   |
+-----------+-----+-----+------------+--------------+--------------+

